2018-11-28 15:26:27,418 - INFO - ###### TEST EXECUTION STARTED :: test_invalid_addition ######
2018-11-28 15:26:27,519 - INFO - Element found with locator_properties: //input[@id='sum1'] and locator_type: xpath
2018-11-28 15:26:27,691 - INFO - Sent data to the element with locator_properties: //input[@id='sum1'] and locator_type: xpath
2018-11-28 15:26:27,720 - INFO - Element found with locator_properties: //input[@id='sum2'] and locator_type: xpath
2018-11-28 15:26:27,767 - INFO - Sent data to the element with locator_properties: //input[@id='sum2'] and locator_type: xpath
2018-11-28 15:26:27,799 - INFO - Element is clickable with locator_properties: //button[text()='Get Total'] and locator_type: xpath
2018-11-28 15:26:27,821 - INFO - Element found with locator_properties: //button[text()='Get Total'] and locator_type: xpath
2018-11-28 15:26:27,869 - INFO - Clicked on the element with locator_properties: //button[text()='Get Total'] and locator_type: xpath
2018-11-28 15:26:27,890 - INFO - Element found with locator_properties: //span[@id='displayvalue'] and locator_type: xpath
2018-11-28 15:26:27,906 - INFO - The text is: '11'
2018-11-28 15:26:27,906 - INFO - Actual Text --> :: 11
2018-11-28 15:26:27,906 - INFO - Expected Text --> :: 12
2018-11-28 15:26:27,906 - ERROR - ### VERIFICATION TEXT DOES NOT MATCHED !!!
2018-11-28 15:26:27,906 - ERROR - ### VERIFICATION FAILED :: test_invalid_addition
2018-11-28 15:26:28,362 - INFO - Screenshot saved to directory: C:\Users\abhilash.sharma\Desktop\Github Pages\SeleniumPythonHybridFramework\SupportLibraries\../Logs/Screenshots/test_invalid_addition.1543398987906.png
2018-11-28 15:26:28,367 - ERROR - ### test_invalid_addition ### TEST FAILED
2018-11-28 15:26:28,464 - INFO - ###### TEST EXECUTION STARTED :: test_valid_addition ######
2018-11-28 15:26:28,509 - INFO - Element found with locator_properties: //input[@id='sum1'] and locator_type: xpath
2018-11-28 15:26:28,556 - INFO - Sent data to the element with locator_properties: //input[@id='sum1'] and locator_type: xpath
2018-11-28 15:26:28,580 - INFO - Element found with locator_properties: //input[@id='sum2'] and locator_type: xpath
2018-11-28 15:26:28,624 - INFO - Sent data to the element with locator_properties: //input[@id='sum2'] and locator_type: xpath
2018-11-28 15:26:28,655 - INFO - Element is clickable with locator_properties: //button[text()='Get Total'] and locator_type: xpath
2018-11-28 15:26:28,679 - INFO - Element found with locator_properties: //button[text()='Get Total'] and locator_type: xpath
2018-11-28 15:26:28,718 - INFO - Clicked on the element with locator_properties: //button[text()='Get Total'] and locator_type: xpath
2018-11-28 15:26:28,743 - INFO - Element found with locator_properties: //span[@id='displayvalue'] and locator_type: xpath
2018-11-28 15:26:28,755 - INFO - The text is: '15'
2018-11-28 15:26:28,755 - INFO - Actual Text --> :: 15
2018-11-28 15:26:28,755 - INFO - Expected Text --> :: 15
2018-11-28 15:26:28,755 - INFO - ### VERIFICATION TEXT MATCHED !!!
2018-11-28 15:26:28,755 - INFO - ### VERIFICATION SUCCESSFUL :: test_valid_addition
2018-11-28 15:26:28,755 - INFO - ### test_valid_addition### TEST SUCCESSFUL
2018-11-28 15:26:28,792 - INFO - ###### TEST EXECUTION STARTED :: test_valid_user_input ######
2018-11-28 15:26:28,831 - INFO - Element found with locator_properties: //input[@id='user-message'] and locator_type: xpath
2018-11-28 15:26:28,959 - INFO - Sent data to the element with locator_properties: //input[@id='user-message'] and locator_type: xpath
2018-11-28 15:26:28,992 - INFO - Element is clickable with locator_properties: //button[text()='Show Message'] and locator_type: xpath
2018-11-28 15:26:29,011 - INFO - Element found with locator_properties: //button[text()='Show Message'] and locator_type: xpath
2018-11-28 15:26:29,069 - INFO - Clicked on the element with locator_properties: //button[text()='Show Message'] and locator_type: xpath
2018-11-28 15:26:29,096 - INFO - Element found with locator_properties: //div[@id='user-message']//following::span[@id='display'] and locator_type: xpath
2018-11-28 15:26:29,115 - INFO - The text is: 'Staging Selenium Learner'
2018-11-28 15:26:29,115 - INFO - Actual Text --> :: Staging Selenium Learner
2018-11-28 15:26:29,116 - INFO - Expected Text --> :: Staging Selenium Learner
2018-11-28 15:26:29,116 - INFO - ### VERIFICATION TEXT MATCHED !!!
2018-11-28 15:26:29,116 - INFO - ### VERIFICATION SUCCESSFUL :: test_valid_user_input
2018-11-28 15:26:29,116 - INFO - ### test_valid_user_input### TEST SUCCESSFUL
2018-11-28 15:26:29,149 - INFO - ###### TEST EXECUTION STARTED :: test_verify_main_screen_elements ######
2018-11-28 15:26:29,160 - INFO - Element found with locator_properties: //input[@id='user-message'] and locator_type: xpath
2018-11-28 15:26:29,170 - INFO - Element found with locator_properties: //button[text()='Show Message'] and locator_type: xpath
2018-11-28 15:26:29,179 - INFO - Element found with locator_properties: //input[@id='sum1'] and locator_type: xpath
2018-11-28 15:26:29,188 - INFO - Element found with locator_properties: //input[@id='sum2'] and locator_type: xpath
2018-11-28 15:26:29,198 - INFO - Element found with locator_properties: //button[text()='Get Total'] and locator_type: xpath
2018-11-28 15:26:29,198 - INFO - ### VERIFICATION SUCCESSFUL :: test_verify_main_screen_elements
2018-11-28 15:26:29,198 - INFO - ### test_verify_main_screen_elements### TEST SUCCESSFUL
